<?xml version="1.0" encoding="UTF-8"?>
<testng-results ignored="0" total="10" passed="10" failed="0" skipped="0">
  <reporter-output>
    <line>
      <![CDATA[SauceCard #31337]]>
    </line>
    <line>
      <![CDATA[Free Pony Express Delivery!]]>
    </line>
    <line>
      <![CDATA[SauceCard #31337]]>
    </line>
  </reporter-output>
  <suite started-at="2024-10-29T13:24:01 IST" name="Default suite" finished-at="2024-10-29T13:24:33 IST" duration-ms="31997">
    <groups>
      <group name="cucumber">
        <method signature="AbstractTestNGCucumberTests.runScenario(io.cucumber.testng.PickleWrapper,io.cucumber.testng.FeatureWrapper)[pri:0, instance:runners.CucumberRunner@2dfaea86]" name="runScenario" class="io.cucumber.testng.AbstractTestNGCucumberTests"/>
      </group> <!-- cucumber -->
    </groups>
    <test started-at="2024-10-29T13:24:01 IST" name="Default test" finished-at="2024-10-29T13:24:33 IST" duration-ms="31997">
      <class name="runners.CucumberRunner">
        <test-method is-config="true" signature="setUpClass(org.testng.ITestContext)[pri:0, instance:runners.CucumberRunner@2dfaea86]" started-at="2024-10-29T13:24:01 IST" name="setUpClass" finished-at="2024-10-29T13:24:02 IST" duration-ms="366" status="PASS">
          <params>
            <param index="0">
              <value>
                <![CDATA[org.testng.TestRunner@502c087e]]>
              </value>
            </param>
          </params>
          <reporter-output>
          </reporter-output>
        </test-method> <!-- setUpClass -->
        <test-method signature="runScenario(io.cucumber.testng.PickleWrapper,io.cucumber.testng.FeatureWrapper)[pri:0, instance:runners.CucumberRunner@2dfaea86]" started-at="2024-10-29T13:24:02 IST" name="runScenario" description="Runs Cucumber Scenarios" data-provider="scenarios" finished-at="2024-10-29T13:24:05 IST" duration-ms="3071" status="PASS">
          <params>
            <param index="0">
              <value>
                <![CDATA["Verify user is able to buy a product"]]>
              </value>
            </param>
            <param index="1">
              <value>
                <![CDATA["BuyProduct"]]>
              </value>
            </param>
          </params>
          <reporter-output>
            <line>
              <![CDATA[SauceCard #31337]]>
            </line>
            <line>
              <![CDATA[Free Pony Express Delivery!]]>
            </line>
            <line>
              <![CDATA[SauceCard #31337]]>
            </line>
          </reporter-output>
        </test-method> <!-- runScenario -->
        <test-method signature="runScenario(io.cucumber.testng.PickleWrapper,io.cucumber.testng.FeatureWrapper)[pri:0, instance:runners.CucumberRunner@2dfaea86]" started-at="2024-10-29T13:24:05 IST" name="runScenario" description="Runs Cucumber Scenarios" data-provider="scenarios" finished-at="2024-10-29T13:24:07 IST" duration-ms="1999" status="PASS">
          <params>
            <param index="0">
              <value>
                <![CDATA["Verify user is able to add a product to the cart"]]>
              </value>
            </param>
            <param index="1">
              <value>
                <![CDATA["Add to cart"]]>
              </value>
            </param>
          </params>
          <reporter-output>
          </reporter-output>
        </test-method> <!-- runScenario -->
        <test-method signature="runScenario(io.cucumber.testng.PickleWrapper,io.cucumber.testng.FeatureWrapper)[pri:0, instance:runners.CucumberRunner@2dfaea86]" started-at="2024-10-29T13:24:07 IST" name="runScenario" description="Runs Cucumber Scenarios" data-provider="scenarios" finished-at="2024-10-29T13:24:09 IST" duration-ms="2476" status="PASS">
          <params>
            <param index="0">
              <value>
                <![CDATA["Verify user is able login and logout"]]>
              </value>
            </param>
            <param index="1">
              <value>
                <![CDATA["LoginLogout"]]>
              </value>
            </param>
          </params>
          <reporter-output>
          </reporter-output>
        </test-method> <!-- runScenario -->
        <test-method signature="runScenario(io.cucumber.testng.PickleWrapper,io.cucumber.testng.FeatureWrapper)[pri:0, instance:runners.CucumberRunner@2dfaea86]" started-at="2024-10-29T13:24:09 IST" name="runScenario" description="Runs Cucumber Scenarios" data-provider="scenarios" finished-at="2024-10-29T13:24:12 IST" duration-ms="2800" status="PASS">
          <params>
            <param index="0">
              <value>
                <![CDATA["Verify user is able to sort the values based on alphabets in ascending order"]]>
              </value>
            </param>
            <param index="1">
              <value>
                <![CDATA["SortAlphabeticallyInAscendingOrder"]]>
              </value>
            </param>
          </params>
          <reporter-output>
          </reporter-output>
        </test-method> <!-- runScenario -->
        <test-method signature="runScenario(io.cucumber.testng.PickleWrapper,io.cucumber.testng.FeatureWrapper)[pri:0, instance:runners.CucumberRunner@2dfaea86]" started-at="2024-10-29T13:24:12 IST" name="runScenario" description="Runs Cucumber Scenarios" data-provider="scenarios" finished-at="2024-10-29T13:24:15 IST" duration-ms="2938" status="PASS">
          <params>
            <param index="0">
              <value>
                <![CDATA["Verify user is able to sort the values based on alphabets in ascending order"]]>
              </value>
            </param>
            <param index="1">
              <value>
                <![CDATA["SortAlphabeticallyInAscendingOrder"]]>
              </value>
            </param>
          </params>
          <reporter-output>
          </reporter-output>
        </test-method> <!-- runScenario -->
        <test-method signature="runScenario(io.cucumber.testng.PickleWrapper,io.cucumber.testng.FeatureWrapper)[pri:0, instance:runners.CucumberRunner@2dfaea86]" started-at="2024-10-29T13:24:15 IST" name="runScenario" description="Runs Cucumber Scenarios" data-provider="scenarios" finished-at="2024-10-29T13:24:18 IST" duration-ms="2898" status="PASS">
          <params>
            <param index="0">
              <value>
                <![CDATA["Verify user is able to login using valid credentials"]]>
              </value>
            </param>
            <param index="1">
              <value>
                <![CDATA["ValidLoginCredentials"]]>
              </value>
            </param>
          </params>
          <reporter-output>
          </reporter-output>
        </test-method> <!-- runScenario -->
        <test-method signature="runScenario(io.cucumber.testng.PickleWrapper,io.cucumber.testng.FeatureWrapper)[pri:0, instance:runners.CucumberRunner@2dfaea86]" started-at="2024-10-29T13:24:18 IST" name="runScenario" description="Runs Cucumber Scenarios" data-provider="scenarios" finished-at="2024-10-29T13:24:20 IST" duration-ms="2637" status="PASS">
          <params>
            <param index="0">
              <value>
                <![CDATA["Verify user is able to login using valid credentials"]]>
              </value>
            </param>
            <param index="1">
              <value>
                <![CDATA["ValidLoginCredentials"]]>
              </value>
            </param>
          </params>
          <reporter-output>
          </reporter-output>
        </test-method> <!-- runScenario -->
        <test-method signature="runScenario(io.cucumber.testng.PickleWrapper,io.cucumber.testng.FeatureWrapper)[pri:0, instance:runners.CucumberRunner@2dfaea86]" started-at="2024-10-29T13:24:20 IST" name="runScenario" description="Runs Cucumber Scenarios" data-provider="scenarios" finished-at="2024-10-29T13:24:28 IST" duration-ms="7461" status="PASS">
          <params>
            <param index="0">
              <value>
                <![CDATA["Verify user is able to login using valid credentials"]]>
              </value>
            </param>
            <param index="1">
              <value>
                <![CDATA["ValidLoginCredentials"]]>
              </value>
            </param>
          </params>
          <reporter-output>
          </reporter-output>
        </test-method> <!-- runScenario -->
        <test-method signature="runScenario(io.cucumber.testng.PickleWrapper,io.cucumber.testng.FeatureWrapper)[pri:0, instance:runners.CucumberRunner@2dfaea86]" started-at="2024-10-29T13:24:28 IST" name="runScenario" description="Runs Cucumber Scenarios" data-provider="scenarios" finished-at="2024-10-29T13:24:30 IST" duration-ms="2545" status="PASS">
          <params>
            <param index="0">
              <value>
                <![CDATA["Verify user is able to login using valid credentials"]]>
              </value>
            </param>
            <param index="1">
              <value>
                <![CDATA["ValidLoginCredentials"]]>
              </value>
            </param>
          </params>
          <reporter-output>
          </reporter-output>
        </test-method> <!-- runScenario -->
        <test-method signature="runScenario(io.cucumber.testng.PickleWrapper,io.cucumber.testng.FeatureWrapper)[pri:0, instance:runners.CucumberRunner@2dfaea86]" started-at="2024-10-29T13:24:30 IST" name="runScenario" description="Runs Cucumber Scenarios" data-provider="scenarios" finished-at="2024-10-29T13:24:33 IST" duration-ms="2526" status="PASS">
          <params>
            <param index="0">
              <value>
                <![CDATA["Verify user is able to login using valid credentials"]]>
              </value>
            </param>
            <param index="1">
              <value>
                <![CDATA["ValidLoginCredentials"]]>
              </value>
            </param>
          </params>
          <reporter-output>
          </reporter-output>
        </test-method> <!-- runScenario -->
        <test-method is-config="true" signature="tearDownClass()[pri:0, instance:runners.CucumberRunner@2dfaea86]" started-at="2024-10-29T13:24:33 IST" name="tearDownClass" finished-at="2024-10-29T13:24:33 IST" duration-ms="235" status="PASS">
          <reporter-output>
          </reporter-output>
        </test-method> <!-- tearDownClass -->
      </class> <!-- runners.CucumberRunner -->
    </test> <!-- Default test -->
  </suite> <!-- Default suite -->
</testng-results>
